<?xml version="1.0" encoding="UTF-8"?><testsuite errors="0" failures="3" name="Employees" skipped="0" tests="3" time="1.6" timestamp="2020-05-27 07:20:16"><testcase name="Add a new employee detail"><failure message="1 expectation failed.&#10;Expected status code &lt;200&gt; but was &lt;403&gt;.&#10;" type="java.lang.AssertionError">1 expectation failed.
Expected status code &lt;200&gt; but was &lt;403&gt;.
</failure><system-err>1 expectation failed.
Expected status code &lt;200&gt; but was &lt;403&gt;.

io.restassured.internal.ResponseSpecificationImpl.validateResponseIfRequired(ResponseSpecificationImpl.groovy:655)
io.restassured.internal.ResponseSpecificationImpl.statusCode(ResponseSpecificationImpl.groovy:125)
io.restassured.internal.ResponseSpecificationImpl.statusCode(ResponseSpecificationImpl.groovy:133)
io.restassured.internal.ValidatableResponseOptionsImpl.statusCode(ValidatableResponseOptionsImpl.java:89)
io.restassured.internal.ValidatableResponseImpl.super$2$statusCode(ValidatableResponseImpl.groovy)
groovy.lang.MetaMethod.doMethodInvoke(MetaMethod.java:323)
groovy.lang.MetaClassImpl.invokeMethod(MetaClassImpl.java:1217)
io.restassured.internal.ValidatableResponseImpl.statusCode(ValidatableResponseImpl.groovy:142)
io.restassured.internal.ValidatableResponseImpl.statusCode(ValidatableResponseImpl.groovy)
com.nat.mosaiq.store.qa.automation.features.tests.steps.employeeAddSteps.employeeAddRequestIsSuccessfull(employeeAddSteps.java:42)
com.nat.mosaiq.store.qa.automation.features.tests.employeeAdd.resultsForACategoryAndKeywordInARegion(employeeAdd.java:26)
✽.I verify the response code received as '200' to ensure data is added successfully(src/test/resources/features/employeeSearch.feature:7)
</system-err></testcase><testcase name="Search the newly added employee name"><failure message="1 expectation failed.&#10;Expected status code &lt;200&gt; but was &lt;403&gt;.&#10;" type="java.lang.AssertionError">1 expectation failed.
Expected status code &lt;200&gt; but was &lt;403&gt;.
</failure><system-err>1 expectation failed.
Expected status code &lt;200&gt; but was &lt;403&gt;.

io.restassured.internal.ResponseSpecificationImpl.validateResponseIfRequired(ResponseSpecificationImpl.groovy:655)
io.restassured.internal.ResponseSpecificationImpl.statusCode(ResponseSpecificationImpl.groovy:125)
io.restassured.internal.ResponseSpecificationImpl.statusCode(ResponseSpecificationImpl.groovy:133)
io.restassured.internal.ValidatableResponseOptionsImpl.statusCode(ValidatableResponseOptionsImpl.java:89)
io.restassured.internal.ValidatableResponseImpl.super$2$statusCode(ValidatableResponseImpl.groovy)
groovy.lang.MetaMethod.doMethodInvoke(MetaMethod.java:323)
groovy.lang.MetaClassImpl.invokeMethod(MetaClassImpl.java:1217)
io.restassured.internal.ValidatableResponseImpl.statusCode(ValidatableResponseImpl.groovy:142)
io.restassured.internal.ValidatableResponseImpl.statusCode(ValidatableResponseImpl.groovy)
com.nat.mosaiq.store.qa.automation.features.tests.steps.employeeSearchSteps.resultsForACategoryAndKeywordInARegion(employeeSearchSteps.java:37)
com.nat.mosaiq.store.qa.automation.features.tests.employeeSearch.resultsForACategoryAndKeywordInARegion(employeeSearch.java:27)
✽.I verify the response code received as '200'(src/test/resources/features/employeeSearch.feature:17)
</system-err></testcase></testsuite>