<?xml version="1.0" encoding="UTF-8"?><testsuite errors="2" failures="0" name="AmazonLogin" skipped="0" tests="2" time="20.54" timestamp="2020-05-27 07:19:35"><testcase name="Successful Login with Valid Credentials"><error message="The following error occurred: Timed out waiting for driver server to start.&#10;Build info: version: '3.141.59', revision: 'e82be7d358', time: '2018-11-14T08:17:03'&#10;System info: host: 'fv-az82', ip: '10.1.0.4', os.name: 'Linux', os.arch: 'amd64', os.version: '5.3.0-1022-azure', java.version: '11.0.7'&#10;Driver info: driver.version: ChromeDriver&#10;Build info: version: '3.141.59', revision: 'e82be7d358', time: '2018-11-14T08:17:03'&#10;System info: host: 'fv-az82', ip: '10.1.0.4', os.name: 'Linux', os.arch: 'amd64', os.version: '5.3.0-1022-azure', java.version: '11.0.7'&#10;Driver info: driver.version: unknown" type="org.openqa.selenium.WebDriverException">The following error occurred: Timed out waiting for driver server to start.
Build info: version: '3.141.59', revision: 'e82be7d358', time: '2018-11-14T08:17:03'
System info: host: 'fv-az82', ip: '10.1.0.4', os.name: 'Linux', os.arch: 'amd64', os.version: '5.3.0-1022-azure', java.version: '11.0.7'
Driver info: driver.version: ChromeDriver
Build info: version: '3.141.59', revision: 'e82be7d358', time: '2018-11-14T08:17:03'
System info: host: 'fv-az82', ip: '10.1.0.4', os.name: 'Linux', os.arch: 'amd64', os.version: '5.3.0-1022-azure', java.version: '11.0.7'
Driver info: driver.version: unknown</error><system-err>The following error occurred: Timed out waiting for driver server to start.
Build info: version: '3.141.59', revision: 'e82be7d358', time: '2018-11-14T08:17:03'
System info: host: 'fv-az82', ip: '10.1.0.4', os.name: 'Linux', os.arch: 'amd64', os.version: '5.3.0-1022-azure', java.version: '11.0.7'
Driver info: driver.version: ChromeDriver
Build info: version: '3.141.59', revision: 'e82be7d358', time: '2018-11-14T08:17:03'
System info: host: 'fv-az82', ip: '10.1.0.4', os.name: 'Linux', os.arch: 'amd64', os.version: '5.3.0-1022-azure', java.version: '11.0.7'
Driver info: driver.version: unknown
com.nat.mosaiq.store.qa.automation.features.tests.steps.amazonLoginSteps.user_is_on_Home_Page(amazonLoginSteps.java:19)
com.nat.mosaiq.store.qa.automation.features.tests.amazonLogin.user_is_on_Home_Page(amazonLogin.java:16)
cucumber.runner.PickleStepDefinitionMatch.runStep(PickleStepDefinitionMatch.java:50)
cucumber.runner.TestStep.executeStep(TestStep.java:63)
cucumber.runner.TestStep.run(TestStep.java:49)
cucumber.runner.PickleStepTestStep.run(PickleStepTestStep.java:43)
cucumber.runner.TestCase.run(TestCase.java:44)
cucumber.runner.Runner.runPickle(Runner.java:40)
</system-err></testcase></testsuite>